Determining if the pthread_create exist failed with the following output:
Change Dir: /home/workspace/CppND-Route-Planning-Project/build/CMakeFiles/CMakeTmp

Run Build Command:"/usr/bin/make" "cmTC_8cd23/fast"
/usr/bin/make -f CMakeFiles/cmTC_8cd23.dir/build.make CMakeFiles/cmTC_8cd23.dir/build
make[1]: Entering directory '/home/workspace/CppND-Route-Planning-Project/build/CMakeFiles/CMakeTmp'
Building C object CMakeFiles/cmTC_8cd23.dir/CheckSymbolExists.c.o
/usr/bin/cc    -o CMakeFiles/cmTC_8cd23.dir/CheckSymbolExists.c.o   -c /home/workspace/CppND-Route-Planning-Project/build/CMakeFiles/CMakeTmp/CheckSymbolExists.c
Linking C executable cmTC_8cd23
/usr/local/bin/cmake -E cmake_link_script CMakeFiles/cmTC_8cd23.dir/link.txt --verbose=1
/usr/bin/cc      -rdynamic CMakeFiles/cmTC_8cd23.dir/CheckSymbolExists.c.o  -o cmTC_8cd23 
CMakeFiles/cmTC_8cd23.dir/CheckSymbolExists.c.o: In function `main':
CheckSymbolExists.c:(.text+0x16): undefined reference to `pthread_create'
collect2: error: ld returned 1 exit status
CMakeFiles/cmTC_8cd23.dir/build.make:86: recipe for target 'cmTC_8cd23' failed
make[1]: *** [cmTC_8cd23] Error 1
make[1]: Leaving directory '/home/workspace/CppND-Route-Planning-Project/build/CMakeFiles/CMakeTmp'
Makefile:121: recipe for target 'cmTC_8cd23/fast' failed
make: *** [cmTC_8cd23/fast] Error 2

File /home/workspace/CppND-Route-Planning-Project/build/CMakeFiles/CMakeTmp/CheckSymbolExists.c:
/* */
#include <pthread.h>

int main(int argc, char** argv)
{
  (void)argv;
#ifndef pthread_create
  return ((int*)(&pthread_create))[argc];
#else
  (void)argc;
  return 0;
#endif
}

Determining if the function pthread_create exists in the pthreads failed with the following output:
Change Dir: /home/workspace/CppND-Route-Planning-Project/build/CMakeFiles/CMakeTmp

Run Build Command:"/usr/bin/make" "cmTC_822ce/fast"
/usr/bin/make -f CMakeFiles/cmTC_822ce.dir/build.make CMakeFiles/cmTC_822ce.dir/build
make[1]: Entering directory '/home/workspace/CppND-Route-Planning-Project/build/CMakeFiles/CMakeTmp'
Building C object CMakeFiles/cmTC_822ce.dir/CheckFunctionExists.c.o
/usr/bin/cc   -DCHECK_FUNCTION_EXISTS=pthread_create   -o CMakeFiles/cmTC_822ce.dir/CheckFunctionExists.c.o   -c /usr/local/share/cmake-3.13/Modules/CheckFunctionExists.c
Linking C executable cmTC_822ce
/usr/local/bin/cmake -E cmake_link_script CMakeFiles/cmTC_822ce.dir/link.txt --verbose=1
/usr/bin/cc  -DCHECK_FUNCTION_EXISTS=pthread_create    -rdynamic CMakeFiles/cmTC_822ce.dir/CheckFunctionExists.c.o  -o cmTC_822ce -lpthreads 
/usr/bin/ld: cannot find -lpthreads
collect2: error: ld returned 1 exit status
CMakeFiles/cmTC_822ce.dir/build.make:86: recipe for target 'cmTC_822ce' failed
make[1]: *** [cmTC_822ce] Error 1
make[1]: Leaving directory '/home/workspace/CppND-Route-Planning-Project/build/CMakeFiles/CMakeTmp'
Makefile:121: recipe for target 'cmTC_822ce/fast' failed
make: *** [cmTC_822ce/fast] Error 2


